- The project is out-of-sync -- use `renv::status()` for details.
here() starts at /Users/ermiller/forest-data-compilation

Attaching package: ‘dplyr’

The following objects are masked from ‘package:stats’:

    filter, lag

The following objects are masked from ‘package:base’:

    intersect, setdiff, setequal, union


Attaching package: ‘arrow’

The following object is masked from ‘package:utils’:

    timestamp

Linking to GEOS 3.10.2, GDAL 3.4.1, PROJ 8.2.1; sf_use_s2() is TRUE

================================================================
 Mountain Pine Beetle x Climate (Water Year)
================================================================

Step 1: Loading MPB observations from GeoPackage...
Warning in CPL_read_ogr(dsn, layer, query, as.character(options), quiet,  :
  argument layer is ignored when query is specified
  [42.9s] 1,309,460 observations loaded
  Year range : 1997-2024
  Unique IDs : 1,297,882
  Acres range: 0 - 61,431.1

Step 2: Loading climate summaries (Arrow join-first strategy)...
Warning: Default behavior of `pull()` on Arrow data is changing. Current behavior of returning an R vector is deprecated, and in a future release, it will return an Arrow `ChunkedArray`. To control this:
ℹ Specify `as_vector = TRUE` (the current default) or `FALSE` (what it will change to) in `pull()`
ℹ Or, set `options(arrow.pull_as_vector)` globally
This warning is displayed once every 8 hours.
  Variables in dataset: aet, def, pdsi, pet, pr, ro, soil, srad, swe, tmmn, tmmx, vap, vpd, vs
  MPB lookup: 1,297,882 unique (DAMAGE_AREA_ID, water_year) pairs
  tmmx: max(value_max) per MPB area per water year...
  [39.9s] tmmx: 1,297,882 rows | 13.9-39.9 degC
  pr: sum(weighted_mean) per MPB area per water year...
  [44.3s] pr: 1,297,882 rows | 81-8453 mm
  pdsi: mean(weighted_mean) per MPB area per water year...
  [45.9s] pdsi: 1,297,882 rows | -6.98-9.00
  Combined: 3,893,646 rows (3 variables x ~1,297,882 areas)

Step 3: Joining ACRES, validating...
Warning in inner_join(., ids_attrs, by = c("DAMAGE_AREA_ID", water_year = "SURVEY_YEAR")) :
  Detected an unexpected many-to-many relationship between `x` and `y`.
ℹ Row 762769 of `x` matches multiple rows in `y`.
ℹ Row 1202146 of `y` matches multiple rows in `x`.
ℹ If a many-to-many relationship is expected, set `relationship =
  "many-to-many"` to silence this warning.
  [3.2s] 3,893,652 rows after ACRES join
  Variables : pdsi, pr, tmmx
  Year range: 1997-2024
  NAs in wy_value: 0 (good)

Step 4: Building annual summaries...
  [0.2s] 28 annual rows
  Columns: SURVEY_YEAR, total_acres, n_obs, pdsi, pr, tmmx
  SURVEY_YEAR total_acres n_obs      pdsi       pr     tmmx
1        1997    320820.8 15165  3.959940 522.7888 25.19998
2        1998    353611.1 15771  2.868675 587.3359 26.56865
3        1999    424881.5 17875  2.274383 609.7720 25.28508
4        2000    438407.0 14415 -1.473146 535.4034 25.69922
5        2001    838032.0 22858 -2.219592 486.0476 26.90713

Generating figures...
  [0.5s] Saved: 01_mpb_outbreak_timeline.png
  [0.5s] Saved: 02_mpb_climate_timeseries.png
`geom_smooth()` using formula = 'y ~ x'
  [1.4s] Saved: 03_mpb_climate_scatter.png

================================================================
 COMPLETE
================================================================
  Total runtime  : 283.9s (4.7 min)
  Output         : /Users/ermiller/forest-data-compilation/output/demo_mpb
  MPB obs        : 1,309,460
  Annual rows    : 28 (1997-2024)
  Figures:
    01_mpb_outbreak_timeline.png   - Damage acres by year
    02_mpb_climate_timeseries.png  - tmmx, pr, pdsi over time
    03_mpb_climate_scatter.png     - Outbreak severity vs climate
================================================================

